[debug] [2021-09-04T10:18:25.016Z] ----------------------------------------------------------------------
[debug] [2021-09-04T10:18:25.019Z] Command:       C:\Program Files\nodejs\node.exe C:\Users\Acer\AppData\Roaming\npm\node_modules\firebase-tools\lib\bin\firebase.js emulators:start --only functions
[debug] [2021-09-04T10:18:25.019Z] CLI Version:   9.12.0
[debug] [2021-09-04T10:18:25.019Z] Platform:      win32
[debug] [2021-09-04T10:18:25.019Z] Node Version:  v14.16.1
[debug] [2021-09-04T10:18:25.020Z] Time:          Sat Sep 04 2021 17:18:25 GMT+0700 (Indochina Time)
[debug] [2021-09-04T10:18:25.021Z] ----------------------------------------------------------------------
[debug] 
[debug] [2021-09-04T10:18:25.029Z] > command requires scopes: ["email","openid","https://www.googleapis.com/auth/cloudplatformprojects.readonly","https://www.googleapis.com/auth/firebase","https://www.googleapis.com/auth/cloud-platform"]
[debug] [2021-09-04T10:18:25.029Z] > authorizing via signed-in user (kasutochose1@gmail.com)
[info] i  emulators: Starting emulators: functions {"metadata":{"emulator":{"name":"hub"},"message":"Starting emulators: functions"}}
[debug] [2021-09-04T10:18:25.053Z] [hub] writing locator at C:\Users\Acer\AppData\Local\Temp\hub-fir-f5444.json
[warn] !  functions: The following emulators are not running, calls to these services from the Functions emulator will affect production: auth, firestore, database, hosting, pubsub, storage {"metadata":{"emulator":{"name":"functions"},"message":"The following emulators are not running, calls to these services from the Functions emulator will affect production: \u001b[1mauth, firestore, database, hosting, pubsub, storage\u001b[22m"}}
[warn] !  Your requested "node" version "12" doesn't match your global version "14" {"metadata":{"emulator":{"name":"functions"},"message":"Your requested \"node\" version \"12\" doesn't match your global version \"14\""}}
[debug] [2021-09-04T10:18:25.109Z] defaultcredentials: writing to file C:\Users\Acer\AppData\Roaming\firebase\kasutochose1_gmail_com_application_default_credentials.json
[debug] [2021-09-04T10:18:25.111Z] Setting GAC to C:\Users\Acer\AppData\Roaming\firebase\kasutochose1_gmail_com_application_default_credentials.json {"metadata":{"emulator":{"name":"functions"},"message":"Setting GAC to C:\\Users\\Acer\\AppData\\Roaming\\firebase\\kasutochose1_gmail_com_application_default_credentials.json"}}
[debug] [2021-09-04T10:18:25.113Z] >>> [apiv2][query] GET https://firebase.googleapis.com/v1beta1/projects/fir-f5444/adminSdkConfig [none]
[debug] [2021-09-04T10:18:25.828Z] <<< [apiv2][status] GET https://firebase.googleapis.com/v1beta1/projects/fir-f5444/adminSdkConfig 403
[debug] [2021-09-04T10:18:25.828Z] <<< [apiv2][body] GET https://firebase.googleapis.com/v1beta1/projects/fir-f5444/adminSdkConfig {"error":{"code":403,"message":"The caller does not have permission","status":"PERMISSION_DENIED"}}
[debug] [2021-09-04T10:18:25.829Z] Failed to get Admin SDK config for fir-f5444, falling back to cache Failed to get Admin SDK for Firebase project fir-f5444. Please make sure the project exists and your account has permission to access it. {"name":"FirebaseError","children":[],"exit":2,"message":"Failed to get Admin SDK for Firebase project fir-f5444. Please make sure the project exists and your account has permission to access it.","original":{"name":"FirebaseError","children":[],"context":{"body":{"error":{"code":403,"message":"The caller does not have permission","status":"PERMISSION_DENIED"}},"response":{"statusCode":403}},"exit":1,"message":"HTTP Error: 403, The caller does not have permission","status":403},"status":500}
[debug] [2021-09-04T10:18:25.838Z] Ignoring unsupported arg: auto_download {"metadata":{"emulator":{"name":"ui"},"message":"Ignoring unsupported arg: auto_download"}}
[debug] [2021-09-04T10:18:25.838Z] Ignoring unsupported arg: port {"metadata":{"emulator":{"name":"ui"},"message":"Ignoring unsupported arg: port"}}
[debug] [2021-09-04T10:18:25.839Z] Starting Emulator UI with command {"binary":"node","args":["C:\\Users\\Acer\\.cache\\firebase\\emulators\\ui-v1.5.0\\server.bundle.js"],"optionalArgs":[],"joinArgs":false} {"metadata":{"emulator":{"name":"ui"},"message":"Starting Emulator UI with command {\"binary\":\"node\",\"args\":[\"C:\\\\Users\\\\Acer\\\\.cache\\\\firebase\\\\emulators\\\\ui-v1.5.0\\\\server.bundle.js\"],\"optionalArgs\":[],\"joinArgs\":false}"}}
[info] i  ui: Emulator UI logging to ui-debug.log {"metadata":{"emulator":{"name":"ui"},"message":"Emulator UI logging to \u001b[1mui-debug.log\u001b[22m"}}
[debug] [2021-09-04T10:18:25.956Z] Web / API server started at http://localhost:4000
 {"metadata":{"emulator":{"name":"ui"},"message":"Web / API server started at http://localhost:4000\n"}}
[info] i  functions: Watching "D:\github-project\Web-Application\Amazon\amazon-clone\functions" for Cloud Functions... {"metadata":{"emulator":{"name":"functions"},"message":"Watching \"D:\\github-project\\Web-Application\\Amazon\\amazon-clone\\functions\" for Cloud Functions..."}}
[debug] [2021-09-04T10:18:26.136Z] [worker-pool] addWorker(~diagnostic~) {"metadata":{"emulator":{"name":"functions"},"message":"[worker-pool] addWorker(~diagnostic~)"}}
[debug] [2021-09-04T10:18:26.136Z] [worker-pool] Adding worker with key ~diagnostic~, total=1 {"metadata":{"emulator":{"name":"functions"},"message":"[worker-pool] Adding worker with key ~diagnostic~, total=1"}}
[debug] [2021-09-04T10:18:26.136Z] [worker-pool] submitWork(triggerId=) {"metadata":{"emulator":{"name":"functions"},"message":"[worker-pool] submitWork(triggerId=)"}}
[debug] [2021-09-04T10:18:26.136Z] [worker-~diagnostic~-31609d8b-ea4a-47fd-b1d9-e5e22cecea8c]: Assigning socketPath: \\?\pipe\D:\github-project\Web-Application\Amazon\amazon-clone\functions\18680 {"metadata":{"emulator":{"name":"functions"},"message":"[worker-~diagnostic~-31609d8b-ea4a-47fd-b1d9-e5e22cecea8c]: Assigning socketPath: \\\\?\\pipe\\D:\\github-project\\Web-Application\\Amazon\\amazon-clone\\functions\\18680"}}
[debug] [2021-09-04T10:18:26.137Z] [worker-~diagnostic~-31609d8b-ea4a-47fd-b1d9-e5e22cecea8c]: BUSY {"metadata":{"emulator":{"name":"functions"},"message":"[worker-~diagnostic~-31609d8b-ea4a-47fd-b1d9-e5e22cecea8c]: BUSY"}}
[debug] [2021-09-04T10:18:26.303Z] [runtime-status] [18680] Functions runtime initialized. {"cwd":"D:\\github-project\\Web-Application\\Amazon\\amazon-clone\\functions","node_version":"14.16.1"} {"metadata":{"emulator":{"name":"functions"},"message":"[runtime-status] [18680] Functions runtime initialized. {\"cwd\":\"D:\\\\github-project\\\\Web-Application\\\\Amazon\\\\amazon-clone\\\\functions\",\"node_version\":\"14.16.1\"}"}}
[debug] [2021-09-04T10:18:26.303Z] [runtime-status] [18680] Disabled runtime features: undefined {"metadata":{"emulator":{"name":"functions"},"message":"[runtime-status] [18680] Disabled runtime features: undefined"}}
[debug] [2021-09-04T10:18:26.306Z] [runtime-status] [18680] Resolved module firebase-admin {"declared":true,"installed":true,"version":"9.11.1","resolution":"D:\\github-project\\Web-Application\\Amazon\\amazon-clone\\functions\\node_modules\\firebase-admin\\lib\\index.js"} {"metadata":{"emulator":{"name":"functions"},"message":"[runtime-status] [18680] Resolved module firebase-admin {\"declared\":true,\"installed\":true,\"version\":\"9.11.1\",\"resolution\":\"D:\\\\github-project\\\\Web-Application\\\\Amazon\\\\amazon-clone\\\\functions\\\\node_modules\\\\firebase-admin\\\\lib\\\\index.js\"}"}}
[debug] [2021-09-04T10:18:26.309Z] [runtime-status] [18680] Resolved module firebase-functions {"declared":true,"installed":true,"version":"3.15.5","resolution":"D:\\github-project\\Web-Application\\Amazon\\amazon-clone\\functions\\node_modules\\firebase-functions\\lib\\index.js"} {"metadata":{"emulator":{"name":"functions"},"message":"[runtime-status] [18680] Resolved module firebase-functions {\"declared\":true,\"installed\":true,\"version\":\"3.15.5\",\"resolution\":\"D:\\\\github-project\\\\Web-Application\\\\Amazon\\\\amazon-clone\\\\functions\\\\node_modules\\\\firebase-functions\\\\lib\\\\index.js\"}"}}
[debug] [2021-09-04T10:18:26.311Z] [runtime-status] [18680] Resolved module firebase-functions {"declared":true,"installed":true,"version":"3.15.5","resolution":"D:\\github-project\\Web-Application\\Amazon\\amazon-clone\\functions\\node_modules\\firebase-functions\\lib\\index.js"} {"metadata":{"emulator":{"name":"functions"},"message":"[runtime-status] [18680] Resolved module firebase-functions {\"declared\":true,\"installed\":true,\"version\":\"3.15.5\",\"resolution\":\"D:\\\\github-project\\\\Web-Application\\\\Amazon\\\\amazon-clone\\\\functions\\\\node_modules\\\\firebase-functions\\\\lib\\\\index.js\"}"}}
[debug] [2021-09-04T10:18:26.312Z] [runtime-status] [18680] Outgoing network have been stubbed. [{"name":"http","status":"mocked"},{"name":"http","status":"mocked"},{"name":"https","status":"mocked"},{"name":"https","status":"mocked"},{"name":"net","status":"mocked"}] {"metadata":{"emulator":{"name":"functions"},"message":"[runtime-status] [18680] Outgoing network have been stubbed. [{\"name\":\"http\",\"status\":\"mocked\"},{\"name\":\"http\",\"status\":\"mocked\"},{\"name\":\"https\",\"status\":\"mocked\"},{\"name\":\"https\",\"status\":\"mocked\"},{\"name\":\"net\",\"status\":\"mocked\"}]"}}
[debug] [2021-09-04T10:18:26.313Z] [runtime-status] [18680] Resolved module firebase-functions {"declared":true,"installed":true,"version":"3.15.5","resolution":"D:\\github-project\\Web-Application\\Amazon\\amazon-clone\\functions\\node_modules\\firebase-functions\\lib\\index.js"} {"metadata":{"emulator":{"name":"functions"},"message":"[runtime-status] [18680] Resolved module firebase-functions {\"declared\":true,\"installed\":true,\"version\":\"3.15.5\",\"resolution\":\"D:\\\\github-project\\\\Web-Application\\\\Amazon\\\\amazon-clone\\\\functions\\\\node_modules\\\\firebase-functions\\\\lib\\\\index.js\"}"}}
[debug] [2021-09-04T10:18:26.358Z] [runtime-status] [18680] Checked functions.config() {"config":{}} {"metadata":{"emulator":{"name":"functions"},"message":"[runtime-status] [18680] Checked functions.config() {\"config\":{}}"}}
[debug] [2021-09-04T10:18:26.358Z] [runtime-status] [18680] firebase-functions has been stubbed. {"functionsResolution":{"declared":true,"installed":true,"version":"3.15.5","resolution":"D:\\github-project\\Web-Application\\Amazon\\amazon-clone\\functions\\node_modules\\firebase-functions\\lib\\index.js"}} {"metadata":{"emulator":{"name":"functions"},"message":"[runtime-status] [18680] firebase-functions has been stubbed. {\"functionsResolution\":{\"declared\":true,\"installed\":true,\"version\":\"3.15.5\",\"resolution\":\"D:\\\\github-project\\\\Web-Application\\\\Amazon\\\\amazon-clone\\\\functions\\\\node_modules\\\\firebase-functions\\\\lib\\\\index.js\"}}"}}
[debug] [2021-09-04T10:18:26.359Z] [runtime-status] [18680] Resolved module firebase-functions {"declared":true,"installed":true,"version":"3.15.5","resolution":"D:\\github-project\\Web-Application\\Amazon\\amazon-clone\\functions\\node_modules\\firebase-functions\\lib\\index.js"} {"metadata":{"emulator":{"name":"functions"},"message":"[runtime-status] [18680] Resolved module firebase-functions {\"declared\":true,\"installed\":true,\"version\":\"3.15.5\",\"resolution\":\"D:\\\\github-project\\\\Web-Application\\\\Amazon\\\\amazon-clone\\\\functions\\\\node_modules\\\\firebase-functions\\\\lib\\\\index.js\"}"}}
[debug] [2021-09-04T10:18:26.360Z] [runtime-status] [18680] Resolved module firebase-admin {"declared":true,"installed":true,"version":"9.11.1","resolution":"D:\\github-project\\Web-Application\\Amazon\\amazon-clone\\functions\\node_modules\\firebase-admin\\lib\\index.js"} {"metadata":{"emulator":{"name":"functions"},"message":"[runtime-status] [18680] Resolved module firebase-admin {\"declared\":true,\"installed\":true,\"version\":\"9.11.1\",\"resolution\":\"D:\\\\github-project\\\\Web-Application\\\\Amazon\\\\amazon-clone\\\\functions\\\\node_modules\\\\firebase-admin\\\\lib\\\\index.js\"}"}}
[debug] [2021-09-04T10:18:26.360Z] [runtime-status] [18680] Resolved module firebase-functions {"declared":true,"installed":true,"version":"3.15.5","resolution":"D:\\github-project\\Web-Application\\Amazon\\amazon-clone\\functions\\node_modules\\firebase-functions\\lib\\index.js"} {"metadata":{"emulator":{"name":"functions"},"message":"[runtime-status] [18680] Resolved module firebase-functions {\"declared\":true,\"installed\":true,\"version\":\"3.15.5\",\"resolution\":\"D:\\\\github-project\\\\Web-Application\\\\Amazon\\\\amazon-clone\\\\functions\\\\node_modules\\\\firebase-functions\\\\lib\\\\index.js\"}"}}
[debug] [2021-09-04T10:18:26.360Z] [runtime-status] [18680] firebase-admin has been stubbed. {"adminResolution":{"declared":true,"installed":true,"version":"9.11.1","resolution":"D:\\github-project\\Web-Application\\Amazon\\amazon-clone\\functions\\node_modules\\firebase-admin\\lib\\index.js"}} {"metadata":{"emulator":{"name":"functions"},"message":"[runtime-status] [18680] firebase-admin has been stubbed. {\"adminResolution\":{\"declared\":true,\"installed\":true,\"version\":\"9.11.1\",\"resolution\":\"D:\\\\github-project\\\\Web-Application\\\\Amazon\\\\amazon-clone\\\\functions\\\\node_modules\\\\firebase-admin\\\\lib\\\\index.js\"}}"}}
[warn] !  Error: Cannot find module 'stripe'
Require stack:
- D:\github-project\Web-Application\Amazon\amazon-clone\functions\index.js
- C:\Users\Acer\AppData\Roaming\npm\node_modules\firebase-tools\lib\emulator\functionsEmulatorRuntime.js
    at Function.Module._resolveFilename (internal/modules/cjs/loader.js:880:15)
    at Function.Module._load (internal/modules/cjs/loader.js:725:27)
    at Module.require (internal/modules/cjs/loader.js:952:19)
    at require (internal/modules/cjs/helpers.js:88:18)
    at Object.<anonymous> (D:\github-project\Web-Application\Amazon\amazon-clone\functions\index.js:4:16)
    at Module._compile (internal/modules/cjs/loader.js:1063:30)
    at Object.Module._extensions..js (internal/modules/cjs/loader.js:1092:10)
    at Module.load (internal/modules/cjs/loader.js:928:32)
    at Function.Module._load (internal/modules/cjs/loader.js:769:14)
    at Module.require (internal/modules/cjs/loader.js:952:19) {"metadata":{"emulator":{"name":"functions"},"message":"Error: Cannot find module 'stripe'\nRequire stack:\n- D:\\github-project\\Web-Application\\Amazon\\amazon-clone\\functions\\index.js\n- C:\\Users\\Acer\\AppData\\Roaming\\npm\\node_modules\\firebase-tools\\lib\\emulator\\functionsEmulatorRuntime.js\n    at Function.Module._resolveFilename (internal/modules/cjs/loader.js:880:15)\n    at Function.Module._load (internal/modules/cjs/loader.js:725:27)\n    at Module.require (internal/modules/cjs/loader.js:952:19)\n    at require (internal/modules/cjs/helpers.js:88:18)\n    at Object.<anonymous> (D:\\github-project\\Web-Application\\Amazon\\amazon-clone\\functions\\index.js:4:16)\n    at Module._compile (internal/modules/cjs/loader.js:1063:30)\n    at Object.Module._extensions..js (internal/modules/cjs/loader.js:1092:10)\n    at Module.load (internal/modules/cjs/loader.js:928:32)\n    at Function.Module._load (internal/modules/cjs/loader.js:769:14)\n    at Module.require (internal/modules/cjs/loader.js:952:19)"}}
[warn] !  We were unable to load your functions code. (see above) {"metadata":{"emulator":{"name":"functions"}}}
[debug] [2021-09-04T10:18:26.493Z] [worker-~diagnostic~-31609d8b-ea4a-47fd-b1d9-e5e22cecea8c]: exited {"metadata":{"emulator":{"name":"functions"},"message":"[worker-~diagnostic~-31609d8b-ea4a-47fd-b1d9-e5e22cecea8c]: exited"}}
[debug] [2021-09-04T10:18:26.493Z] [worker-~diagnostic~-31609d8b-ea4a-47fd-b1d9-e5e22cecea8c]: FINISHED {"metadata":{"emulator":{"name":"functions"},"message":"[worker-~diagnostic~-31609d8b-ea4a-47fd-b1d9-e5e22cecea8c]: FINISHED"}}
